
Start-Date: 2025-10-01  02:03:37
Commandline: apt-get install --reinstall adduser
Reinstall: adduser:amd64 (3.118ubuntu5)
End-Date: 2025-10-01  02:03:38

Start-Date: 2025-10-01  02:03:41
Commandline: apt-get install --reinstall apt
Reinstall: apt:amd64 (2.4.5)
End-Date: 2025-10-01  02:03:42

Start-Date: 2025-10-01  02:03:45
Commandline: apt-get install --reinstall base-files
Reinstall: base-files:amd64 (12ubuntu4)
End-Date: 2025-10-01  02:03:46

Start-Date: 2025-10-01  02:03:49
Commandline: apt-get install --reinstall base-passwd
Reinstall: base-passwd:amd64 (3.5.52build1)
End-Date: 2025-10-01  02:03:50

Start-Date: 2025-10-01  02:03:53
Commandline: apt-get install --reinstall bash
Reinstall: bash:amd64 (5.1-6ubuntu1)
End-Date: 2025-10-01  02:03:54

Start-Date: 2025-10-01  02:03:56
Commandline: apt-get install --reinstall bsdutils
Reinstall: bsdutils:amd64 (1:2.37.2-4ubuntu3)
End-Date: 2025-10-01  02:03:58

Start-Date: 2025-10-01  02:04:00
Commandline: apt-get install --reinstall coreutils
Reinstall: coreutils:amd64 (8.32-4.1ubuntu1)
End-Date: 2025-10-01  02:04:02

Start-Date: 2025-10-01  02:04:04
Commandline: apt-get install --reinstall dash
Reinstall: dash:amd64 (0.5.11+git20210903+057cd650a4ed-3build1)
End-Date: 2025-10-01  02:04:06

Start-Date: 2025-10-01  02:04:08
Commandline: apt-get install --reinstall debconf
Reinstall: debconf:amd64 (1.5.79ubuntu1)
End-Date: 2025-10-01  02:04:10

Start-Date: 2025-10-01  02:04:12
Commandline: apt-get install --reinstall debianutils
Reinstall: debianutils:amd64 (5.5-1ubuntu2)
End-Date: 2025-10-01  02:04:13

Start-Date: 2025-10-01  02:04:16
Commandline: apt-get install --reinstall diffutils
Reinstall: diffutils:amd64 (1:3.8-0ubuntu2)
End-Date: 2025-10-01  02:04:17

Start-Date: 2025-10-01  02:04:19
Commandline: apt-get install --reinstall dpkg
Reinstall: dpkg:amd64 (1.21.1ubuntu2)
End-Date: 2025-10-01  02:04:21

Start-Date: 2025-10-01  02:04:23
Commandline: apt-get install --reinstall e2fsprogs
Reinstall: e2fsprogs:amd64 (1.46.5-2ubuntu1)
End-Date: 2025-10-01  02:04:25

Start-Date: 2025-10-01  02:04:27
Commandline: apt-get install --reinstall findutils
Reinstall: findutils:amd64 (4.8.0-1ubuntu3)
End-Date: 2025-10-01  02:04:28

Start-Date: 2025-10-01  02:04:31
Commandline: apt-get install --reinstall gcc-12-base:amd64
Reinstall: gcc-12-base:amd64 (12-20220319-1ubuntu1)
End-Date: 2025-10-01  02:04:32

Start-Date: 2025-10-01  02:04:35
Commandline: apt-get install --reinstall gpgv
Reinstall: gpgv:amd64 (2.2.27-3ubuntu2)
End-Date: 2025-10-01  02:04:36

Start-Date: 2025-10-01  02:04:38
Commandline: apt-get install --reinstall grep
Reinstall: grep:amd64 (3.7-1build1)
End-Date: 2025-10-01  02:04:40

Start-Date: 2025-10-01  02:04:42
Commandline: apt-get install --reinstall gzip
Reinstall: gzip:amd64 (1.10-4ubuntu4)
End-Date: 2025-10-01  02:04:43

Start-Date: 2025-10-01  02:04:46
Commandline: apt-get install --reinstall hostname
Reinstall: hostname:amd64 (3.23ubuntu2)
End-Date: 2025-10-01  02:04:47

Start-Date: 2025-10-01  02:04:49
Commandline: apt-get install --reinstall init-system-helpers
Reinstall: init-system-helpers:amd64 (1.62)
End-Date: 2025-10-01  02:04:51

Start-Date: 2025-10-01  02:04:53
Commandline: apt-get install --reinstall libacl1:amd64
Reinstall: libacl1:amd64 (2.3.1-1)
End-Date: 2025-10-01  02:04:54

Start-Date: 2025-10-01  02:04:57
Commandline: apt-get install --reinstall libapt-pkg6.0:amd64
Reinstall: libapt-pkg6.0:amd64 (2.4.5)
End-Date: 2025-10-01  02:04:58

Start-Date: 2025-10-01  02:05:01
Commandline: apt-get install --reinstall libattr1:amd64
Reinstall: libattr1:amd64 (1:2.5.1-1build1)
End-Date: 2025-10-01  02:05:02

Start-Date: 2025-10-01  02:05:04
Commandline: apt-get install --reinstall libaudit-common
Reinstall: libaudit-common:amd64 (1:3.0.7-1build1)
End-Date: 2025-10-01  02:05:06

Start-Date: 2025-10-01  02:05:08
Commandline: apt-get install --reinstall libaudit1:amd64
Reinstall: libaudit1:amd64 (1:3.0.7-1build1)
End-Date: 2025-10-01  02:05:09

Start-Date: 2025-10-01  02:05:12
Commandline: apt-get install --reinstall libblkid1:amd64
Reinstall: libblkid1:amd64 (2.37.2-4ubuntu3)
End-Date: 2025-10-01  02:05:13

Start-Date: 2025-10-01  02:05:15
Commandline: apt-get install --reinstall libbz2-1.0:amd64
Reinstall: libbz2-1.0:amd64 (1.0.8-5build1)
End-Date: 2025-10-01  02:05:17

Start-Date: 2025-10-01  02:05:19
Commandline: apt-get install --reinstall libc-bin
Reinstall: libc-bin:amd64 (2.35-0ubuntu3)
End-Date: 2025-10-01  02:05:21

Start-Date: 2025-10-01  02:05:23
Commandline: apt-get install --reinstall libc6:amd64
Reinstall: libc6:amd64 (2.35-0ubuntu3)
End-Date: 2025-10-01  02:05:26

Start-Date: 2025-10-01  02:05:28
Commandline: apt-get install --reinstall libcap-ng0:amd64
Reinstall: libcap-ng0:amd64 (0.7.9-2.2build3)
End-Date: 2025-10-01  02:05:29

Start-Date: 2025-10-01  02:05:32
Commandline: apt-get install --reinstall libcap2:amd64
Reinstall: libcap2:amd64 (1:2.44-1build3)
End-Date: 2025-10-01  02:05:33

Start-Date: 2025-10-01  02:05:36
Commandline: apt-get install --reinstall libcom-err2:amd64
Reinstall: libcom-err2:amd64 (1.46.5-2ubuntu1)
End-Date: 2025-10-01  02:05:37

Start-Date: 2025-10-01  02:05:39
Commandline: apt-get install --reinstall libcrypt1:amd64
Reinstall: libcrypt1:amd64 (1:4.4.27-1)
End-Date: 2025-10-01  02:05:41

Start-Date: 2025-10-01  02:05:43
Commandline: apt-get install --reinstall libdb5.3:amd64
Reinstall: libdb5.3:amd64 (5.3.28+dfsg1-0.8ubuntu3)
End-Date: 2025-10-01  02:05:45

Start-Date: 2025-10-01  02:05:47
Commandline: apt-get install --reinstall libdebconfclient0:amd64
Reinstall: libdebconfclient0:amd64 (0.261ubuntu1)
End-Date: 2025-10-01  02:05:48

Start-Date: 2025-10-01  02:05:51
Commandline: apt-get install --reinstall libext2fs2:amd64
Reinstall: libext2fs2:amd64 (1.46.5-2ubuntu1)
End-Date: 2025-10-01  02:05:52

Start-Date: 2025-10-01  02:05:54
Commandline: apt-get install --reinstall libffi8:amd64
Reinstall: libffi8:amd64 (3.4.2-4)
End-Date: 2025-10-01  02:05:55

Start-Date: 2025-10-01  02:05:58
Commandline: apt-get install --reinstall libgcc-s1:amd64
Reinstall: libgcc-s1:amd64 (12-20220319-1ubuntu1)
End-Date: 2025-10-01  02:05:59

Start-Date: 2025-10-01  02:06:01
Commandline: apt-get install --reinstall libgcrypt20:amd64
Reinstall: libgcrypt20:amd64 (1.9.4-3ubuntu3)
End-Date: 2025-10-01  02:06:03

Start-Date: 2025-10-01  02:06:05
Commandline: apt-get install --reinstall libgmp10:amd64
Reinstall: libgmp10:amd64 (2:6.2.1+dfsg-3ubuntu1)
End-Date: 2025-10-01  02:06:07

Start-Date: 2025-10-01  02:06:09
Commandline: apt-get install --reinstall libgnutls30:amd64
Reinstall: libgnutls30:amd64 (3.7.3-4ubuntu1)
End-Date: 2025-10-01  02:06:11

Start-Date: 2025-10-01  02:06:13
Commandline: apt-get install --reinstall libgpg-error0:amd64
Reinstall: libgpg-error0:amd64 (1.43-3)
End-Date: 2025-10-01  02:06:14

Start-Date: 2025-10-01  02:06:17
Commandline: apt-get install --reinstall libgssapi-krb5-2:amd64
Reinstall: libgssapi-krb5-2:amd64 (1.19.2-2)
End-Date: 2025-10-01  02:06:18

Start-Date: 2025-10-01  02:06:20
Commandline: apt-get install --reinstall libhogweed6:amd64
Reinstall: libhogweed6:amd64 (3.7.3-1build2)
End-Date: 2025-10-01  02:06:22

Start-Date: 2025-10-01  02:06:24
Commandline: apt-get install --reinstall libidn2-0:amd64
Reinstall: libidn2-0:amd64 (2.3.2-2build1)
End-Date: 2025-10-01  02:06:25

Start-Date: 2025-10-01  02:06:28
Commandline: apt-get install --reinstall libk5crypto3:amd64
Reinstall: libk5crypto3:amd64 (1.19.2-2)
End-Date: 2025-10-01  02:06:29

Start-Date: 2025-10-01  02:06:31
Commandline: apt-get install --reinstall libkeyutils1:amd64
Reinstall: libkeyutils1:amd64 (1.6.1-2ubuntu3)
End-Date: 2025-10-01  02:06:33

Start-Date: 2025-10-01  02:06:35
Commandline: apt-get install --reinstall libkrb5-3:amd64
Reinstall: libkrb5-3:amd64 (1.19.2-2)
End-Date: 2025-10-01  02:06:37

Start-Date: 2025-10-01  02:06:39
Commandline: apt-get install --reinstall libkrb5support0:amd64
Reinstall: libkrb5support0:amd64 (1.19.2-2)
End-Date: 2025-10-01  02:06:40

Start-Date: 2025-10-01  02:06:43
Commandline: apt-get install --reinstall liblz4-1:amd64
Reinstall: liblz4-1:amd64 (1.9.3-2build2)
End-Date: 2025-10-01  02:06:44

Start-Date: 2025-10-01  02:06:46
Commandline: apt-get install --reinstall liblzma5:amd64
Reinstall: liblzma5:amd64 (5.2.5-2ubuntu1)
End-Date: 2025-10-01  02:06:48

Start-Date: 2025-10-01  02:06:50
Commandline: apt-get install --reinstall libmount1:amd64
Reinstall: libmount1:amd64 (2.37.2-4ubuntu3)
End-Date: 2025-10-01  02:06:51

Start-Date: 2025-10-01  02:06:54
Commandline: apt-get install --reinstall libncurses6:amd64
Reinstall: libncurses6:amd64 (6.3-2)
End-Date: 2025-10-01  02:06:55

Start-Date: 2025-10-01  02:06:57
Commandline: apt-get install --reinstall libncursesw6:amd64
Reinstall: libncursesw6:amd64 (6.3-2)
End-Date: 2025-10-01  02:06:58

Start-Date: 2025-10-01  02:07:01
Commandline: apt-get install --reinstall libnettle8:amd64
Reinstall: libnettle8:amd64 (3.7.3-1build2)
End-Date: 2025-10-01  02:07:02

Start-Date: 2025-10-01  02:07:04
Commandline: apt-get install --reinstall libnsl2:amd64
Reinstall: libnsl2:amd64 (1.3.0-2build2)
End-Date: 2025-10-01  02:07:06

Start-Date: 2025-10-01  02:07:08
Commandline: apt-get install --reinstall libp11-kit0:amd64
Reinstall: libp11-kit0:amd64 (0.24.0-6build1)
End-Date: 2025-10-01  02:07:10

Start-Date: 2025-10-01  02:07:12
Commandline: apt-get install --reinstall libpam-modules:amd64
Reinstall: libpam-modules:amd64 (1.4.0-11ubuntu2)
End-Date: 2025-10-01  02:07:13

Start-Date: 2025-10-01  02:07:16
Commandline: apt-get install --reinstall libpam-modules-bin
Reinstall: libpam-modules-bin:amd64 (1.4.0-11ubuntu2)
End-Date: 2025-10-01  02:07:17

Start-Date: 2025-10-01  02:07:19
Commandline: apt-get install --reinstall libpam-runtime
Reinstall: libpam-runtime:amd64 (1.4.0-11ubuntu2)
End-Date: 2025-10-01  02:07:21

Start-Date: 2025-10-01  02:07:23
Commandline: apt-get install --reinstall libpam0g:amd64
Reinstall: libpam0g:amd64 (1.4.0-11ubuntu2)
End-Date: 2025-10-01  02:07:25

Start-Date: 2025-10-01  02:07:27
Commandline: apt-get install --reinstall libpcre2-8-0:amd64
Reinstall: libpcre2-8-0:amd64 (10.39-3build1)
End-Date: 2025-10-01  02:07:29

Start-Date: 2025-10-01  02:07:31
Commandline: apt-get install --reinstall libpcre3:amd64
Reinstall: libpcre3:amd64 (2:8.39-13build5)
End-Date: 2025-10-01  02:07:32

Start-Date: 2025-10-01  02:07:35
Commandline: apt-get install --reinstall libprocps8:amd64
Reinstall: libprocps8:amd64 (2:3.3.17-6ubuntu2)
End-Date: 2025-10-01  02:07:36

Start-Date: 2025-10-01  02:07:38
Commandline: apt-get install --reinstall libseccomp2:amd64
Reinstall: libseccomp2:amd64 (2.5.3-2ubuntu2)
End-Date: 2025-10-01  02:07:40

Start-Date: 2025-10-01  02:07:42
Commandline: apt-get install --reinstall libselinux1:amd64
Reinstall: libselinux1:amd64 (3.3-1build2)
End-Date: 2025-10-01  02:07:43

Start-Date: 2025-10-01  02:07:46
Commandline: apt-get install --reinstall libsemanage-common
Reinstall: libsemanage-common:amd64 (3.3-1build2)
End-Date: 2025-10-01  02:07:47

Start-Date: 2025-10-01  02:07:49
Commandline: apt-get install --reinstall libsemanage2:amd64
Reinstall: libsemanage2:amd64 (3.3-1build2)
End-Date: 2025-10-01  02:07:51

Start-Date: 2025-10-01  02:07:53
Commandline: apt-get install --reinstall libsepol2:amd64
Reinstall: libsepol2:amd64 (3.3-1build1)
End-Date: 2025-10-01  02:07:54

Start-Date: 2025-10-01  02:07:57
Commandline: apt-get install --reinstall libsmartcols1:amd64
Reinstall: libsmartcols1:amd64 (2.37.2-4ubuntu3)
End-Date: 2025-10-01  02:07:58

Start-Date: 2025-10-01  02:08:00
Commandline: apt-get install --reinstall libss2:amd64
Reinstall: libss2:amd64 (1.46.5-2ubuntu1)
End-Date: 2025-10-01  02:08:02

Start-Date: 2025-10-01  02:08:04
Commandline: apt-get install --reinstall libssl3:amd64
Reinstall: libssl3:amd64 (3.0.2-0ubuntu1)
End-Date: 2025-10-01  02:08:05

Start-Date: 2025-10-01  02:08:08
Commandline: apt-get install --reinstall libstdc++6:amd64
Reinstall: libstdc++6:amd64 (12-20220319-1ubuntu1)
End-Date: 2025-10-01  02:08:09

Start-Date: 2025-10-01  02:08:12
Commandline: apt-get install --reinstall libsystemd0:amd64
Reinstall: libsystemd0:amd64 (249.11-0ubuntu3)
End-Date: 2025-10-01  02:08:13

Start-Date: 2025-10-01  02:08:15
Commandline: apt-get install --reinstall libtasn1-6:amd64
Reinstall: libtasn1-6:amd64 (4.18.0-4build1)
End-Date: 2025-10-01  02:08:17

Start-Date: 2025-10-01  02:08:19
Commandline: apt-get install --reinstall libtinfo6:amd64
Reinstall: libtinfo6:amd64 (6.3-2)
End-Date: 2025-10-01  02:08:20

Start-Date: 2025-10-01  02:08:23
Commandline: apt-get install --reinstall libtirpc-common
Reinstall: libtirpc-common:amd64 (1.3.2-2build1)
End-Date: 2025-10-01  02:08:24

Start-Date: 2025-10-01  02:08:26
Commandline: apt-get install --reinstall libtirpc3:amd64
Reinstall: libtirpc3:amd64 (1.3.2-2build1)
End-Date: 2025-10-01  02:08:28

Start-Date: 2025-10-01  02:08:30
Commandline: apt-get install --reinstall libudev1:amd64
Reinstall: libudev1:amd64 (249.11-0ubuntu3)
End-Date: 2025-10-01  02:08:32

Start-Date: 2025-10-01  02:08:34
Commandline: apt-get install --reinstall libunistring2:amd64
Reinstall: libunistring2:amd64 (1.0-1)
End-Date: 2025-10-01  02:08:36

Start-Date: 2025-10-01  02:08:38
Commandline: apt-get install --reinstall libuuid1:amd64
Reinstall: libuuid1:amd64 (2.37.2-4ubuntu3)
End-Date: 2025-10-01  02:08:39

Start-Date: 2025-10-01  02:08:42
Commandline: apt-get install --reinstall libxxhash0:amd64
Reinstall: libxxhash0:amd64 (0.8.1-1)
End-Date: 2025-10-01  02:08:43

Start-Date: 2025-10-01  02:08:45
Commandline: apt-get install --reinstall libzstd1:amd64
Reinstall: libzstd1:amd64 (1.4.8+dfsg-3build1)
End-Date: 2025-10-01  02:08:47

Start-Date: 2025-10-01  02:08:49
Commandline: apt-get install --reinstall login
Reinstall: login:amd64 (1:4.8.1-2ubuntu2)
End-Date: 2025-10-01  02:08:51

Start-Date: 2025-10-01  02:08:53
Commandline: apt-get install --reinstall logsave
Reinstall: logsave:amd64 (1.46.5-2ubuntu1)
End-Date: 2025-10-01  02:08:54

Start-Date: 2025-10-01  02:08:56
Commandline: apt-get install --reinstall lsb-base
Reinstall: lsb-base:amd64 (11.1.0ubuntu4)
End-Date: 2025-10-01  02:08:58

Start-Date: 2025-10-01  02:09:00
Commandline: apt-get install --reinstall mawk
Reinstall: mawk:amd64 (1.3.4.20200120-3)
End-Date: 2025-10-01  02:09:01

Start-Date: 2025-10-01  02:09:03
Commandline: apt-get install --reinstall mount
Reinstall: mount:amd64 (2.37.2-4ubuntu3)
End-Date: 2025-10-01  02:09:05

Start-Date: 2025-10-01  02:09:07
Commandline: apt-get install --reinstall ncurses-base
Reinstall: ncurses-base:amd64 (6.3-2)
End-Date: 2025-10-01  02:09:08

Start-Date: 2025-10-01  02:09:11
Commandline: apt-get install --reinstall ncurses-bin
Reinstall: ncurses-bin:amd64 (6.3-2)
End-Date: 2025-10-01  02:09:12

Start-Date: 2025-10-01  02:09:15
Commandline: apt-get install --reinstall passwd
Reinstall: passwd:amd64 (1:4.8.1-2ubuntu2)
End-Date: 2025-10-01  02:09:16

Start-Date: 2025-10-01  02:09:19
Commandline: apt-get install --reinstall perl-base
Reinstall: perl-base:amd64 (5.34.0-3ubuntu1)
End-Date: 2025-10-01  02:09:20

Start-Date: 2025-10-01  02:09:23
Commandline: apt-get install --reinstall procps
Reinstall: procps:amd64 (2:3.3.17-6ubuntu2)
End-Date: 2025-10-01  02:09:24

Start-Date: 2025-10-01  02:09:26
Commandline: apt-get install --reinstall sed
Reinstall: sed:amd64 (4.8-1ubuntu2)
End-Date: 2025-10-01  02:09:28

Start-Date: 2025-10-01  02:09:30
Commandline: apt-get install --reinstall sensible-utils
Reinstall: sensible-utils:amd64 (0.0.17)
End-Date: 2025-10-01  02:09:31

Start-Date: 2025-10-01  02:09:33
Commandline: apt-get install --reinstall sysvinit-utils
Reinstall: sysvinit-utils:amd64 (3.01-1ubuntu1)
End-Date: 2025-10-01  02:09:35

Start-Date: 2025-10-01  02:09:37
Commandline: apt-get install --reinstall tar
Reinstall: tar:amd64 (1.34+dfsg-1build3)
End-Date: 2025-10-01  02:09:39

Start-Date: 2025-10-01  02:09:41
Commandline: apt-get install --reinstall ubuntu-keyring
Reinstall: ubuntu-keyring:amd64 (2021.03.26)
End-Date: 2025-10-01  02:09:42

Start-Date: 2025-10-01  02:09:45
Commandline: apt-get install --reinstall usrmerge
Reinstall: usrmerge:amd64 (25ubuntu2)
End-Date: 2025-10-01  02:09:46

Start-Date: 2025-10-01  02:09:48
Commandline: apt-get install --reinstall util-linux
Reinstall: util-linux:amd64 (2.37.2-4ubuntu3)
End-Date: 2025-10-01  02:09:50

Start-Date: 2025-10-01  02:09:52
Commandline: apt-get install --reinstall zlib1g:amd64
Reinstall: zlib1g:amd64 (1:1.2.11.dfsg-2ubuntu9)
End-Date: 2025-10-01  02:09:54

Start-Date: 2025-10-01  02:10:01
Commandline: apt-get --yes -oDebug::pkgDepCache::AutoInstall=yes --force-yes upgrade
Upgrade: dpkg:amd64 (1.21.1ubuntu2, 1.21.1ubuntu2.6), libsmartcols1:amd64 (2.37.2-4ubuntu3, 2.37.2-4ubuntu3.4), libpam-runtime:amd64 (1.4.0-11ubuntu2, 1.4.0-11ubuntu2.6), coreutils:amd64 (8.32-4.1ubuntu1, 8.32-4.1ubuntu1.2), libext2fs2:amd64 (1.46.5-2ubuntu1, 1.46.5-2ubuntu1.2), libgssapi-krb5-2:amd64 (1.19.2-2, 1.19.2-2ubuntu0.7), apt:amd64 (2.4.5, 2.4.14), libtinfo6:amd64 (6.3-2, 6.3-2ubuntu0.1), libtirpc-common:amd64 (1.3.2-2build1, 1.3.2-2ubuntu0.1), libpcre3:amd64 (2:8.39-13build5, 2:8.39-13ubuntu0.22.04.1), libtasn1-6:amd64 (4.18.0-4build1, 4.18.0-4ubuntu0.1), tar:amd64 (1.34+dfsg-1build3, 1.34+dfsg-1ubuntu0.1.22.04.2), libapt-pkg6.0:amd64 (2.4.5, 2.4.14), libsystemd0:amd64 (249.11-0ubuntu3, 249.11-0ubuntu3.16), libmount1:amd64 (2.37.2-4ubuntu3, 2.37.2-4ubuntu3.4), libkrb5support0:amd64 (1.19.2-2, 1.19.2-2ubuntu0.7), util-linux:amd64 (2.37.2-4ubuntu3, 2.37.2-4ubuntu3.4), libudev1:amd64 (249.11-0ubuntu3, 249.11-0ubuntu3.16), libcom-err2:amd64 (1.46.5-2ubuntu1, 1.46.5-2ubuntu1.2), libcap2:amd64 (1:2.44-1build3, 1:2.44-1ubuntu0.22.04.2), libc6:amd64 (2.35-0ubuntu3, 2.35-0ubuntu3.11), libssl3:amd64 (3.0.2-0ubuntu1, 3.0.2-0ubuntu1.20), libkrb5-3:amd64 (1.19.2-2, 1.19.2-2ubuntu0.7), libpam-modules:amd64 (1.4.0-11ubuntu2, 1.4.0-11ubuntu2.6), libuuid1:amd64 (2.37.2-4ubuntu3, 2.37.2-4ubuntu3.4), gpgv:amd64 (2.2.27-3ubuntu2, 2.2.27-3ubuntu2.4), bash:amd64 (5.1-6ubuntu1, 5.1-6ubuntu1.1), base-files:amd64 (12ubuntu4, 12ubuntu4.7), libk5crypto3:amd64 (1.19.2-2, 1.19.2-2ubuntu0.7), ncurses-base:amd64 (6.3-2, 6.3-2ubuntu0.1), gzip:amd64 (1.10-4ubuntu4, 1.10-4ubuntu4.1), login:amd64 (1:4.8.1-2ubuntu2, 1:4.8.1-2ubuntu2.2), libprocps8:amd64 (2:3.3.17-6ubuntu2, 2:3.3.17-6ubuntu2.1), libpcre2-8-0:amd64 (10.39-3build1, 10.39-3ubuntu0.1), libpam-modules-bin:amd64 (1.4.0-11ubuntu2, 1.4.0-11ubuntu2.6), libseccomp2:amd64 (2.5.3-2ubuntu2, 2.5.3-2ubuntu3~22.04.1), procps:amd64 (2:3.3.17-6ubuntu2, 2:3.3.17-6ubuntu2.1), mount:amd64 (2.37.2-4ubuntu3, 2.37.2-4ubuntu3.4), perl-base:amd64 (5.34.0-3ubuntu1, 5.34.0-3ubuntu1.5), libpam0g:amd64 (1.4.0-11ubuntu2, 1.4.0-11ubuntu2.6), libc-bin:amd64 (2.35-0ubuntu3, 2.35-0ubuntu3.11), libblkid1:amd64 (2.37.2-4ubuntu3, 2.37.2-4ubuntu3.4), libgnutls30:amd64 (3.7.3-4ubuntu1, 3.7.3-4ubuntu1.7), logsave:amd64 (1.46.5-2ubuntu1, 1.46.5-2ubuntu1.2), libncursesw6:amd64 (6.3-2, 6.3-2ubuntu0.1), ncurses-bin:amd64 (6.3-2, 6.3-2ubuntu0.1), zlib1g:amd64 (1:1.2.11.dfsg-2ubuntu9, 1:1.2.11.dfsg-2ubuntu9.2), gcc-12-base:amd64 (12-20220319-1ubuntu1, 12.3.0-1ubuntu1~22.04.2), libtirpc3:amd64 (1.3.2-2build1, 1.3.2-2ubuntu0.1), bsdutils:amd64 (1:2.37.2-4ubuntu3, 1:2.37.2-4ubuntu3.4), libss2:amd64 (1.46.5-2ubuntu1, 1.46.5-2ubuntu1.2), libstdc++6:amd64 (12-20220319-1ubuntu1, 12.3.0-1ubuntu1~22.04.2), libncurses6:amd64 (6.3-2, 6.3-2ubuntu0.1), e2fsprogs:amd64 (1.46.5-2ubuntu1, 1.46.5-2ubuntu1.2), passwd:amd64 (1:4.8.1-2ubuntu2, 1:4.8.1-2ubuntu2.2), libgcc-s1:amd64 (12-20220319-1ubuntu1, 12.3.0-1ubuntu1~22.04.2)
End-Date: 2025-10-01  02:10:07

Start-Date: 2025-10-20  06:03:48
Commandline: apt-get install -y vim vim-tiny
Install: readline-common:amd64 (8.1.2-1, automatic), libmpdec3:amd64 (2.5.1-2build2, automatic), vim:amd64 (2:8.2.3995-1ubuntu2.24), xxd:amd64 (2:8.2.3995-1ubuntu2.24, automatic), libexpat1:amd64 (2.4.7-1ubuntu0.6, automatic), libpython3.10-minimal:amd64 (3.10.12-1~22.04.11, automatic), libpython3.10-stdlib:amd64 (3.10.12-1~22.04.11, automatic), libgpm2:amd64 (1.20.7-10build1, automatic), vim-common:amd64 (2:8.2.3995-1ubuntu2.24, automatic), libreadline8:amd64 (8.1.2-1, automatic), libsodium23:amd64 (1.0.18-1build2, automatic), libpython3.10:amd64 (3.10.12-1~22.04.11, automatic), media-types:amd64 (7.0.0, automatic), vim-tiny:amd64 (2:8.2.3995-1ubuntu2.24), libsqlite3-0:amd64 (3.37.2-2ubuntu0.5, automatic), vim-runtime:amd64 (2:8.2.3995-1ubuntu2.24, automatic)
End-Date: 2025-10-20  06:03:52
